<?xml version="1.0" encoding="UTF-8"?>
<!-- Generated by org.testng.reporters.JUnitXMLReporter -->
<testsuite hostname="TYSS-TR-0010" ignored="0" name="Test" tests="1" failures="1" timestamp="05 Jul 2018 10:19:01 GMT" time="1.209" errors="0">
  <testcase name="postTest" time="1.184" classname="com.RestAssured.test.CRUDOperation">
    <failure type="java.lang.AssertionError" message="expected [201] but found [500]">
      <![CDATA[java.lang.AssertionError: expected [201] but found [500]
at com.RestAssured.test.CRUDOperation.postTest(CRUDOperation.java:40)
... Removed 31 stack frames]]>
    </failure>
  </testcase> <!-- postTest -->
</testsuite> <!-- Test -->
